
=== Wed May 22 18:35:24 2019

Packages were changed.
Update Mode: updateDependencies

The following packages were updated:
  com.unity.analytics from version 3.2.2 to 3.3.2
  com.unity.render-pipelines.high-definition from version 5.6.1-preview to 5.7.2-preview
  com.unity.textmeshpro from version 1.3.0 to 2.0.0
  com.unity.xr.legacyinputhelpers from version 1.0.0 to 2.0.2

=== Mon Jul  1 16:35:50 2019

Packages were changed.
Update Mode: updateDependencies

The following packages were updated:
  com.unity.textmeshpro from version 2.0.0 to 2.0.1

=== Sat Jul  6 11:35:28 2019

Packages were changed.
Update Mode: updateDependencies

The following packages were added:
  com.unity.2d.tilemap@1.0.0
  com.unity.ext.nunit@1.0.0
  com.unity.test-framework@1.0.13
  com.unity.2d.sprite@1.0.0
  com.unity.ide.vscode@1.0.7
  com.unity.ide.visualstudio@1.0.11
  com.unity.ide.rider@1.0.8
  com.unity.ugui@1.0.0
  com.unity.modules.androidjni@1.0.0
The following packages were updated:
  com.unity.package-manager-ui from version 2.1.2 to 2.2.0
  com.unity.render-pipelines.high-definition from version 5.7.2-preview to 6.5.2-preview

=== Fri Aug  2 22:02:41 2019

Packages were changed.
Update Mode: updateDependencies

The following packages were updated:
  com.unity.render-pipelines.high-definition from version 6.5.2-preview to 6.9.0-preview

=== Wed Jan 29 17:28:15 2020

Packages were changed.
Update Mode: updateDependencies

The following packages were updated:
  com.unity.analytics from version 3.3.2 to 3.3.5
  com.unity.ide.rider from version 1.0.8 to 1.1.4
  com.unity.ide.vscode from version 1.0.7 to 1.1.4
  com.unity.postprocessing from version 2.1.4 to 2.3.0
  com.unity.render-pipelines.high-definition from version 6.9.0-preview to 7.1.8
  com.unity.test-framework from version 1.0.13 to 1.1.9
The following packages were removed:
  com.unity.package-manager-ui@2.2.0
